# JRE version: Java(TM) SE Runtime Environment (8.0_221-b11) (build 1.8.0_221-b11)
# Java VM: Java HotSpot(TM) 64-Bit Server VM (25.221-b11 mixed mode windows-amd64 compressed oops)
Heap:
 PSYoungGen      total 432128K, used 243351K [0x00000000d5580000, 0x00000000f1b80000, 0x0000000100000000)
  eden space 399360K, 54% used [0x00000000d5580000,0x00000000e2b58b58,0x00000000edb80000)
  from space 32768K, 74% used [0x00000000edb80000,0x00000000ef34d180,0x00000000efb80000)
  to   space 22528K, 0% used [0x00000000f0580000,0x00000000f0580000,0x00000000f1b80000)
 ParOldGen       total 159232K, used 91988K [0x0000000080000000, 0x0000000089b80000, 0x00000000d5580000)
  object space 159232K, 57% used [0x0000000080000000,0x00000000859d5020,0x0000000089b80000)
 Metaspace       used 48541K, capacity 50592K, committed 50728K, reserved 1093632K
  class space    used 5581K, capacity 6117K, committed 6184K, reserved 1048576K
GC Heap History (10 events):
Event: 247.927 GC heap before
{Heap before GC invocations=15 (full 2):
 PSYoungGen      total 342016K, used 13592K [0x00000000d5580000, 0x00000000f1a80000, 0x0000000100000000)
  eden space 309248K, 0% used [0x00000000d5580000,0x00000000d5580000,0x00000000e8380000)
  from space 32768K, 41% used [0x00000000e8380000,0x00000000e90c6268,0x00000000ea380000)
  to   space 31744K, 0% used [0x00000000efb80000,0x00000000efb80000,0x00000000f1a80000)
 ParOldGen       total 70656K, used 69779K [0x0000000080000000, 0x0000000084500000, 0x00000000d5580000)
  object space 70656K, 98% used [0x0000000080000000,0x0000000084424d68,0x0000000084500000)
 Metaspace       used 34406K, capacity 35418K, committed 35496K, reserved 1081344K
  class space    used 3909K, capacity 4235K, committed 4264K, reserved 1048576K
Event: 248.757 GC heap after
Heap after GC invocations=15 (full 2):
 PSYoungGen      total 342016K, used 8272K [0x00000000d5580000, 0x00000000f1a80000, 0x0000000100000000)
  eden space 309248K, 0% used [0x00000000d5580000,0x00000000d5580000,0x00000000e8380000)
  from space 32768K, 25% used [0x00000000e8380000,0x00000000e8b94320,0x00000000ea380000)
  to   space 31744K, 0% used [0x00000000efb80000,0x00000000efb80000,0x00000000f1a80000)
 ParOldGen       total 159232K, used 70552K [0x0000000080000000, 0x0000000089b80000, 0x00000000d5580000)
  object space 159232K, 44% used [0x0000000080000000,0x00000000844e6078,0x0000000089b80000)
 Metaspace       used 33040K, capacity 33972K, committed 35496K, reserved 1081344K
  class space    used 3734K, capacity 4029K, committed 4264K, reserved 1048576K
}
Event: 266.478 GC heap before
{Heap before GC invocations=16 (full 2):
 PSYoungGen      total 342016K, used 317520K [0x00000000d5580000, 0x00000000f1a80000, 0x0000000100000000)
  eden space 309248K, 100% used [0x00000000d5580000,0x00000000e8380000,0x00000000e8380000)
  from space 32768K, 25% used [0x00000000e8380000,0x00000000e8b94320,0x00000000ea380000)
  to   space 31744K, 0% used [0x00000000efb80000,0x00000000efb80000,0x00000000f1a80000)
 ParOldGen       total 159232K, used 70552K [0x0000000080000000, 0x0000000089b80000, 0x00000000d5580000)
  object space 159232K, 44% used [0x0000000080000000,0x00000000844e6078,0x0000000089b80000)
 Metaspace       used 35838K, capacity 37126K, committed 37160K, reserved 1081344K
  class space    used 4012K, capacity 4378K, committed 4392K, reserved 1048576K
Event: 266.593 GC heap after
Heap after GC invocations=16 (full 2):
 PSYoungGen      total 340992K, used 22170K [0x00000000d5580000, 0x00000000f1a80000, 0x0000000100000000)
  eden space 309248K, 0% used [0x00000000d5580000,0x00000000d5580000,0x00000000e8380000)
  from space 31744K, 69% used [0x00000000efb80000,0x00000000f1126bc0,0x00000000f1a80000)
  to   space 32768K, 0% used [0x00000000e8380000,0x00000000e8380000,0x00000000ea380000)
 ParOldGen       total 159232K, used 73519K [0x0000000080000000, 0x0000000089b80000, 0x00000000d5580000)
  object space 159232K, 46% used [0x0000000080000000,0x00000000847cbfa8,0x0000000089b80000)
 Metaspace       used 35838K, capacity 37126K, committed 37160K, reserved 1081344K
  class space    used 4012K, capacity 4378K, committed 4392K, reserved 1048576K
}
Event: 278.293 GC heap before
{Heap before GC invocations=17 (full 2):
 PSYoungGen      total 340992K, used 331418K [0x00000000d5580000, 0x00000000f1a80000, 0x0000000100000000)
  eden space 309248K, 100% used [0x00000000d5580000,0x00000000e8380000,0x00000000e8380000)
  from space 31744K, 69% used [0x00000000efb80000,0x00000000f1126bc0,0x00000000f1a80000)
  to   space 32768K, 0% used [0x00000000e8380000,0x00000000e8380000,0x00000000ea380000)
 ParOldGen       total 159232K, used 73519K [0x0000000080000000, 0x0000000089b80000, 0x00000000d5580000)
  object space 159232K, 46% used [0x0000000080000000,0x00000000847cbfa8,0x0000000089b80000)
 Metaspace       used 39242K, capacity 40816K, committed 41000K, reserved 1085440K
  class space    used 4442K, capacity 4863K, committed 4904K, reserved 1048576K
Event: 278.366 GC heap after
Heap after GC invocations=17 (full 2):
 PSYoungGen      total 342016K, used 24325K [0x00000000d5580000, 0x00000000f2680000, 0x0000000100000000)
  eden space 309248K, 0% used [0x00000000d5580000,0x00000000d5580000,0x00000000e8380000)
  from space 32768K, 74% used [0x00000000e8380000,0x00000000e9b416a8,0x00000000ea380000)
  to   space 33792K, 0% used [0x00000000f0580000,0x00000000f0580000,0x00000000f2680000)
 ParOldGen       total 159232K, used 82845K [0x0000000080000000, 0x0000000089b80000, 0x00000000d5580000)
  object space 159232K, 52% used [0x0000000080000000,0x00000000850e74c0,0x0000000089b80000)
 Metaspace       used 39242K, capacity 40816K, committed 41000K, reserved 1085440K
  class space    used 4442K, capacity 4863K, committed 4904K, reserved 1048576K
}
Event: 292.298 GC heap before
{Heap before GC invocations=18 (full 2):
 PSYoungGen      total 342016K, used 333573K [0x00000000d5580000, 0x00000000f2680000, 0x0000000100000000)
  eden space 309248K, 100% used [0x00000000d5580000,0x00000000e8380000,0x00000000e8380000)
  from space 32768K, 74% used [0x00000000e8380000,0x00000000e9b416a8,0x00000000ea380000)
  to   space 33792K, 0% used [0x00000000f0580000,0x00000000f0580000,0x00000000f2680000)
 ParOldGen       total 159232K, used 82845K [0x0000000080000000, 0x0000000089b80000, 0x00000000d5580000)
  object space 159232K, 52% used [0x0000000080000000,0x00000000850e74c0,0x0000000089b80000)
 Metaspace       used 43214K, capacity 44880K, committed 45096K, reserved 1089536K
  class space    used 4924K, capacity 5385K, committed 5416K, reserved 1048576K
Event: 292.346 GC heap after
Heap after GC invocations=18 (full 2):
 PSYoungGen      total 421888K, used 18252K [0x00000000d5580000, 0x00000000f1b80000, 0x0000000100000000)
  eden space 399360K, 0% used [0x00000000d5580000,0x00000000d5580000,0x00000000edb80000)
  from space 22528K, 81% used [0x00000000f0580000,0x00000000f17533c8,0x00000000f1b80000)
  to   space 32768K, 0% used [0x00000000edb80000,0x00000000edb80000,0x00000000efb80000)
 ParOldGen       total 159232K, used 87906K [0x0000000080000000, 0x0000000089b80000, 0x00000000d5580000)
  object space 159232K, 55% used [0x0000000080000000,0x00000000855d88d0,0x0000000089b80000)
 Metaspace       used 43214K, capacity 44880K, committed 45096K, reserved 1089536K
  class space    used 4924K, capacity 5385K, committed 5416K, reserved 1048576K
}
Event: 313.284 GC heap before
{Heap before GC invocations=19 (full 2):
 PSYoungGen      total 421888K, used 417612K [0x00000000d5580000, 0x00000000f1b80000, 0x0000000100000000)
  eden space 399360K, 100% used [0x00000000d5580000,0x00000000edb80000,0x00000000edb80000)
  from space 22528K, 81% used [0x00000000f0580000,0x00000000f17533c8,0x00000000f1b80000)
  to   space 32768K, 0% used [0x00000000edb80000,0x00000000edb80000,0x00000000efb80000)
 ParOldGen       total 159232K, used 87906K [0x0000000080000000, 0x0000000089b80000, 0x00000000d5580000)
  object space 159232K, 55% used [0x0000000080000000,0x00000000855d88d0,0x0000000089b80000)
 Metaspace       used 47013K, capacity 49012K, committed 49192K, reserved 1093632K
  class space    used 5392K, capacity 5910K, committed 5928K, reserved 1048576K
Event: 313.393 GC heap after
Heap after GC invocations=19 (full 2):
 PSYoungGen      total 432128K, used 24372K [0x00000000d5580000, 0x00000000f1b80000, 0x0000000100000000)
  eden space 399360K, 0% used [0x00000000d5580000,0x00000000d5580000,0x00000000edb80000)
  from space 32768K, 74% used [0x00000000edb80000,0x00000000ef34d180,0x00000000efb80000)
  to   space 22528K, 0% used [0x00000000f0580000,0x00000000f0580000,0x00000000f1b80000)
 ParOldGen       total 159232K, used 91988K [0x0000000080000000, 0x0000000089b80000, 0x00000000d5580000)
  object space 159232K, 57% used [0x0000000080000000,0x00000000859d5020,0x0000000089b80000)
 Metaspace       used 47013K, capacity 49012K, committed 49192K, reserved 1093632K
  class space    used 5392K, capacity 5910K, committed 5928K, reserved 1048576K
}

